<?xml version="1.0" encoding="UTF-8"?>
<!-- Generated by org.testng.reporters.JUnitReportReporter -->
<testsuite hostname="SVRB1V1" name="PPASTestScenario.TrasitPassVehicleRegistration" tests="3" failures="0" timestamp="30 Dec 2020 06:00:18 GMT" time="79.305" errors="0">
  <testcase name="AddVehicleRegistrationforTransitPass" time="46.692" classname="PPASTestScenario.TrasitPassVehicleRegistration"/>
  <testcase name="VerifyDuplicateVehicleRegistration" time="25.361" classname="PPASTestScenario.TrasitPassVehicleRegistration"/>
  <testcase name="VerifyViewVehicleRegistration" time="7.252" classname="PPASTestScenario.TrasitPassVehicleRegistration"/>
</testsuite> <!-- PPASTestScenario.TrasitPassVehicleRegistration -->
