<?xml version="1.0" encoding="UTF-8"?>
<!-- Generated by org.testng.reporters.JUnitReportReporter -->
<testsuite hostname="SVRB1V1" name="ObjectRepository.LoginTest" tests="1" failures="0" timestamp="25 Sep 2020 11:37:38 GMT" time="13.508" errors="0">
  <testcase name="Statelogin" time="13.508" classname="ObjectRepository.LoginTest"/>
</testsuite> <!-- ObjectRepository.LoginTest -->
