<?xml version="1.0" encoding="UTF-8"?>
<!-- Generated by org.testng.reporters.JUnitReportReporter -->
<testsuite hostname="SVRB1V1" name="PPASTestScenario.TargetDistributionProcess" tests="3" failures="0" timestamp="30 Dec 2020 07:21:51 GMT" time="65.256" errors="0">
  <testcase name="RedirectionofViewMillerTarget" time="38.909" classname="PPASTestScenario.TargetDistributionProcess"/>
  <testcase name="MillerTargetDistributionFunctionality" time="13.216" classname="PPASTestScenario.TargetDistributionProcess"/>
  <testcase name="VerifyTargetMillerQuantity" time="13.131" classname="PPASTestScenario.TargetDistributionProcess"/>
</testsuite> <!-- PPASTestScenario.TargetDistributionProcess -->
