<?xml version="1.0" encoding="UTF-8"?>
<!-- Generated by org.testng.reporters.JUnitReportReporter -->
<testsuite hostname="SVRB1V1" name="PPASTestScenario.ConfigurationofState" tests="4" failures="0" timestamp="29 Dec 2020 15:03:41 GMT" time="65.176" errors="0">
  <testcase name="VerifyredirectiontoConfigurationpage" time="20.074" classname="PPASTestScenario.ConfigurationofState"/>
  <testcase name="VerifyStateCofigurationDuplicity" time="24.831" classname="PPASTestScenario.ConfigurationofState"/>
  <testcase name="AddStateConfigurationFunctionality" time="18.499" classname="PPASTestScenario.ConfigurationofState"/>
  <testcase name="ViewAddedStateConfigurationFunctionality" time="1.772" classname="PPASTestScenario.ConfigurationofState"/>
</testsuite> <!-- PPASTestScenario.ConfigurationofState -->
