<?xml version="1.0" encoding="UTF-8"?>
<!-- Generated by org.testng.reporters.JUnitReportReporter -->
<testsuite hostname="SVRB1V1" name="PPASTestScenario.ConfigurationofDistrict" tests="4" failures="0" timestamp="29 Dec 2020 09:50:39 GMT" time="98.666" errors="0">
  <testcase name="VerifyDistrictCofiguration" time="32.081" classname="PPASTestScenario.ConfigurationofDistrict"/>
  <testcase name="VerifyDistrictCofigurationDuplicity" time="32.605" classname="PPASTestScenario.ConfigurationofDistrict"/>
  <testcase name="AddDistrictConfigurationFunctionality" time="18.844" classname="PPASTestScenario.ConfigurationofDistrict"/>
  <testcase name="ViewAndEditDistrictConfigurationFunctionality" time="15.136" classname="PPASTestScenario.ConfigurationofDistrict"/>
</testsuite> <!-- PPASTestScenario.ConfigurationofDistrict -->
